<?xml version="1.0" encoding="UTF-8"?>
<testsuite name="net.yakclient.GeneralTests" tests="9" skipped="0" failures="0" errors="0" timestamp="2021-03-25T16:16:51" hostname="Durgans-iMac.local" time="0.032">
  <properties/>
  <testcase name="testMethodName()" classname="net.yakclient.GeneralTests" time="0.003"/>
  <testcase name="testParamsSignature()" classname="net.yakclient.GeneralTests" time="0.004"/>
  <testcase name="reDefineCls()" classname="net.yakclient.GeneralTests" time="0.005"/>
  <testcase name="testShouldReturn()" classname="net.yakclient.GeneralTests" time="0.002"/>
  <testcase name="testParamsArraySignature()" classname="net.yakclient.GeneralTests" time="0.002"/>
  <testcase name="testBitWiseOR()" classname="net.yakclient.GeneralTests" time="0.002"/>
  <testcase name="testMethodSignature()" classname="net.yakclient.GeneralTests" time="0.003"/>
  <testcase name="testMethodParamsReturn()" classname="net.yakclient.GeneralTests" time="0.001"/>
  <testcase name="testMethodReturnSignature()" classname="net.yakclient.GeneralTests" time="0.001"/>
  <system-out><![CDATA[true
methodName1__$
true
1
Ljava.lang.String;Ljava.lang.String;[Lasdfasdf;
class net.yakclient.apitests.RegistryTest
class net.yakclient.apitests.RegistryTest
true
true
1
1
823296
true
2
asdf
[Lasdfasdf;[Ladsfadsf;
true
1
[Lasdfasdf;
0
true
]]></system-out>
  <system-err><![CDATA[]]></system-err>
</testsuite>
